have_library: checking for main() in -lc... -------------------- no

"i386-mingw32-gcc -o conftest -I/Users/ma/.rake-compiler/ruby/ruby-1.9.1-p243/include/ruby-1.9.1/i386-mingw32 -I/Users/ma/.rake-compiler/ruby/ruby-1.9.1-p243/include/ruby-1.9.1/ruby/backward -I/Users/ma/.rake-compiler/ruby/ruby-1.9.1-p243/include/ruby-1.9.1 -I../../../../ext/thin_parser     -O2 -g -Wall -Wno-parentheses  conftest.c  -L. -L/Users/ma/.rake-compiler/ruby/ruby-1.9.1-p243/lib -L.      -lmsvcrt-ruby191-static  -lshell32 -lws2_32  "
checked program was:
/* begin */
1: #include "ruby.h"
2: 
3: #include <winsock2.h>
4: #include <windows.h>
5: int main() {return 0;}
/* end */

"i386-mingw32-gcc -o conftest -I/Users/ma/.rake-compiler/ruby/ruby-1.9.1-p243/include/ruby-1.9.1/i386-mingw32 -I/Users/ma/.rake-compiler/ruby/ruby-1.9.1-p243/include/ruby-1.9.1/ruby/backward -I/Users/ma/.rake-compiler/ruby/ruby-1.9.1-p243/include/ruby-1.9.1 -I../../../../ext/thin_parser     -O2 -g -Wall -Wno-parentheses  conftest.c  -L. -L/Users/ma/.rake-compiler/ruby/ruby-1.9.1-p243/lib -L.      -lmsvcrt-ruby191-static -lc  -lshell32 -lws2_32  "
/usr/local/i386-mingw32-4.3.0/lib/gcc/i386-mingw32/4.3.0/../../../../i386-mingw32/bin/ld: cannot find -lc
collect2: ld returned 1 exit status
checked program was:
/* begin */
1: #include "ruby.h"
2: 
3: #include <winsock2.h>
4: #include <windows.h>
5: 
6: /*top*/
7: int main() {return 0;}
8: int t() { void ((*volatile p)()); p = (void ((*)()))main; return 0; }
/* end */

"i386-mingw32-gcc -o conftest -I/Users/ma/.rake-compiler/ruby/ruby-1.9.1-p243/include/ruby-1.9.1/i386-mingw32 -I/Users/ma/.rake-compiler/ruby/ruby-1.9.1-p243/include/ruby-1.9.1/ruby/backward -I/Users/ma/.rake-compiler/ruby/ruby-1.9.1-p243/include/ruby-1.9.1 -I../../../../ext/thin_parser     -O2 -g -Wall -Wno-parentheses  conftest.c  -L. -L/Users/ma/.rake-compiler/ruby/ruby-1.9.1-p243/lib -L.      -lmsvcrt-ruby191-static -lc  -lshell32 -lws2_32  "
/usr/local/i386-mingw32-4.3.0/lib/gcc/i386-mingw32/4.3.0/../../../../i386-mingw32/bin/ld: cannot find -lc
collect2: ld returned 1 exit status
checked program was:
/* begin */
1: #include "ruby.h"
2: 
3: #include <winsock2.h>
4: #include <windows.h>
5: 
6: /*top*/
7: int main() {return 0;}
8: int t() { main(); return 0; }
/* end */

--------------------

